2023-08-03 20:34:31,812.continuous_location.INFO =============================================================
2023-08-03 20:34:31,813.continuous_location.INFO Today is 2023-08-03 at 08:34 PM
2023-08-03 20:34:31,813.continuous_location.INFO This file is running on: nt Windows 10
2023-08-03 20:34:31,813.continuous_location.INFO The Python version is: 3.9.5
2023-08-03 20:34:31,814.continuous_location.INFO The active environment path is:   C:\Users\timgo\OneDrive\Desktop\School\Summer2023\Continuous Intelligence\Module05\cintel-05-live-updates\.venv
2023-08-03 20:34:31,814.continuous_location.INFO The current working directory is: C:\Users\timgo\OneDrive\Desktop\School\Summer2023\Continuous Intelligence\Module05\cintel-05-live-updates
2023-08-03 20:34:31,814.continuous_location.INFO =============================================================
2023-08-03 20:34:54,233.continuous_location.INFO Calling update_csv_location
2023-08-03 20:34:54,234.continuous_location.INFO update_interval: 60
2023-08-03 20:34:54,235.continuous_location.INFO total_runtime: 900
2023-08-03 20:34:54,235.continuous_location.INFO num_updates: 40
2023-08-03 20:34:54,236.continuous_location.INFO Initialized csv file at C:\Users\timgo\OneDrive\Desktop\School\Summer2023\Continuous Intelligence\Module05\cintel-05-live-updates\data\mtcars_location.csv
2023-08-03 20:34:54,237.continuous_location.INFO Calling get_temperature_from_openweathermap for {lat}, {long}}
2023-08-03 20:34:54,256.continuous_location.INFO Calling fetch_from_url for https://api.openweathermap.org/data/2.5/weather?lat=47.903237&lon=-91.867087&appid=185b1385e714e2b02648655525d5b499&units=imperial
2023-08-03 20:34:54,645.continuous_location.INFO Data from openweathermap: <fetch.HttpResponse object at 0x0000024EA184D610>
2023-08-03 20:34:54,645.continuous_location.INFO Calling get_temperature_from_openweathermap for {lat}, {long}}
2023-08-03 20:34:54,647.continuous_location.INFO Calling fetch_from_url for https://api.openweathermap.org/data/2.5/weather?lat=36.5323&lon=-116.93&appid=185b1385e714e2b02648655525d5b499&units=imperial
2023-08-03 20:34:54,825.continuous_location.INFO Data from openweathermap: <fetch.HttpResponse object at 0x0000024EA184D610>
2023-08-03 20:34:54,826.continuous_location.INFO Calling get_temperature_from_openweathermap for {lat}, {long}}
2023-08-03 20:34:54,828.continuous_location.INFO Calling fetch_from_url for https://api.openweathermap.org/data/2.5/weather?lat=40.346102&lon=-94.872471&appid=185b1385e714e2b02648655525d5b499&units=imperial
2023-08-03 20:34:55,030.continuous_location.INFO Data from openweathermap: <fetch.HttpResponse object at 0x0000024EA184D610>
2023-08-03 20:34:55,031.continuous_location.INFO Calling get_temperature_from_openweathermap for {lat}, {long}}
2023-08-03 20:34:55,033.continuous_location.INFO Calling fetch_from_url for https://api.openweathermap.org/data/2.5/weather?lat=40.416775&lon=-3.70379&appid=185b1385e714e2b02648655525d5b499&units=imperial
2023-08-03 20:34:55,241.continuous_location.INFO Data from openweathermap: <fetch.HttpResponse object at 0x0000024EA184D610>
2023-08-03 20:34:55,272.continuous_location.INFO Saving temperatures to C:\Users\timgo\OneDrive\Desktop\School\Summer2023\Continuous Intelligence\Module05\cintel-05-live-updates\data\mtcars_location.csv
2023-08-03 20:35:55,270.continuous_location.INFO Calling get_temperature_from_openweathermap for {lat}, {long}}
2023-08-03 20:35:55,275.continuous_location.INFO Calling fetch_from_url for https://api.openweathermap.org/data/2.5/weather?lat=47.903237&lon=-91.867087&appid=185b1385e714e2b02648655525d5b499&units=imperial
2023-08-03 20:35:55,445.continuous_location.INFO Data from openweathermap: <fetch.HttpResponse object at 0x0000024EA048AFA0>
2023-08-03 20:35:55,446.continuous_location.INFO Calling get_temperature_from_openweathermap for {lat}, {long}}
2023-08-03 20:35:55,448.continuous_location.INFO Calling fetch_from_url for https://api.openweathermap.org/data/2.5/weather?lat=36.5323&lon=-116.93&appid=185b1385e714e2b02648655525d5b499&units=imperial
2023-08-03 20:35:55,634.continuous_location.INFO Data from openweathermap: <fetch.HttpResponse object at 0x0000024EA048A730>
2023-08-03 20:35:55,635.continuous_location.INFO Calling get_temperature_from_openweathermap for {lat}, {long}}
2023-08-03 20:35:55,639.continuous_location.INFO Calling fetch_from_url for https://api.openweathermap.org/data/2.5/weather?lat=40.346102&lon=-94.872471&appid=185b1385e714e2b02648655525d5b499&units=imperial
2023-08-03 20:35:55,793.continuous_location.INFO Data from openweathermap: <fetch.HttpResponse object at 0x0000024EA048AD60>
2023-08-03 20:35:55,794.continuous_location.INFO Calling get_temperature_from_openweathermap for {lat}, {long}}
2023-08-03 20:35:55,796.continuous_location.INFO Calling fetch_from_url for https://api.openweathermap.org/data/2.5/weather?lat=40.416775&lon=-3.70379&appid=185b1385e714e2b02648655525d5b499&units=imperial
2023-08-03 20:35:55,988.continuous_location.INFO Data from openweathermap: <fetch.HttpResponse object at 0x0000024EA048AEB0>
2023-08-03 20:35:55,992.continuous_location.INFO Saving temperatures to C:\Users\timgo\OneDrive\Desktop\School\Summer2023\Continuous Intelligence\Module05\cintel-05-live-updates\data\mtcars_location.csv
